[2025-04-07 13:42:02] Error: Exception: This has happend on the web in D:\Apps\wamp\wamp\www\learn php\php-learning\project2_blog_oop\app\Controller\HomeController.php on line 8
[2025-04-07 15:52:01] Error: PDOException: SQLSTATE[HY000]: General error: 1 near "INTOusers": syntax error in D:\Apps\wamp\wamp\www\learn php\php-learning\project2_blog_oop\core\Database.php on line 40
[2025-04-07 15:53:07] Error: PDOException: SQLSTATE[HY000]: General error: 1 near "INTOusers": syntax error in D:\Apps\wamp\wamp\www\learn php\php-learning\project2_blog_oop\core\Database.php on line 40
[2025-04-07 15:53:10] Error: PDOException: SQLSTATE[HY000]: General error: 1 near "INTOusers": syntax error in D:\Apps\wamp\wamp\www\learn php\php-learning\project2_blog_oop\core\Database.php on line 40
[2025-04-07 15:54:26] Error: Error: Call to undefined method Core\Database::lasInsertId() in D:\Apps\wamp\wamp\www\learn php\php-learning\project2_blog_oop\core\Model.php on line 34
[2025-04-07 17:12:56] Error: PDOException: SQLSTATE[HY000]: General error: 1 near "FORM": syntax error in D:\Apps\wamp\wamp\www\learn php\php-learning\project2_blog_oop\core\Database.php on line 40
[2025-04-07 17:16:30] Error: PDOException: SQLSTATE[HY000]: General error: 1 near "FORM": syntax error in D:\Apps\wamp\wamp\www\learn php\php-learning\project2_blog_oop\core\Database.php on line 40
[2025-04-07 17:16:36] Error: PDOException: SQLSTATE[HY000]: General error: 1 near "FORM": syntax error in D:\Apps\wamp\wamp\www\learn php\php-learning\project2_blog_oop\core\Database.php on line 40
[2025-04-07 17:16:36] Error: PDOException: SQLSTATE[HY000]: General error: 1 near "FORM": syntax error in D:\Apps\wamp\wamp\www\learn php\php-learning\project2_blog_oop\core\Database.php on line 40
[2025-04-07 17:16:38] Error: PDOException: SQLSTATE[HY000]: General error: 1 near "FORM": syntax error in D:\Apps\wamp\wamp\www\learn php\php-learning\project2_blog_oop\core\Database.php on line 40
[2025-04-07 17:18:11] Error: PDOException: SQLSTATE[HY000]: General error: 1 near "FORM": syntax error in D:\Apps\wamp\wamp\www\learn php\php-learning\project2_blog_oop\core\Database.php on line 40
[2025-04-07 17:19:02] Error: ErrorException: Undefined variable $message in D:\Apps\wamp\wamp\www\learn php\php-learning\project2_blog_oop\app\Views\home\index.php on line 3
[2025-04-07 17:55:51] Error: TypeError: PDOStatement::fetch(): Argument #2 ($cursorOrientation) must be of type int, string given in D:\Apps\wamp\wamp\www\learn php\php-learning\project2_blog_oop\core\Database.php on line 57
[2025-04-07 17:55:59] Error: TypeError: PDOStatement::fetch(): Argument #2 ($cursorOrientation) must be of type int, string given in D:\Apps\wamp\wamp\www\learn php\php-learning\project2_blog_oop\core\Database.php on line 57
[2025-04-09 12:31:00] Error: Error: Call to undefined function partial() in D:\Apps\wamp\wamp\www\learn php\php-learning\project2_blog_oop\app\Views\home\index.php on line 2
[2025-04-09 12:32:08] Error: Error: Call to undefined function partial() in D:\Apps\wamp\wamp\www\learn php\php-learning\project2_blog_oop\app\Views\home\index.php on line 2
[2025-04-09 12:37:58] Error: Error: Call to undefined function partial() in D:\Apps\wamp\wamp\www\learn php\php-learning\project2_blog_oop\app\Views\home\index.php on line 2
[2025-04-09 12:37:59] Error: Error: Call to undefined function partial() in D:\Apps\wamp\wamp\www\learn php\php-learning\project2_blog_oop\app\Views\home\index.php on line 2
[2025-04-09 12:41:02] Error: Error: Call to undefined function partial() in D:\Apps\wamp\wamp\www\learn php\php-learning\project2_blog_oop\app\Views\home\index.php on line 2
[2025-04-09 12:42:52] Error: Error: Call to undefined function partial() in D:\Apps\wamp\wamp\www\learn php\php-learning\project2_blog_oop\app\Views\home\index.php on line 2
[2025-04-09 12:45:14] Error: Error: Call to undefined function partial() in D:\Apps\wamp\wamp\www\learn php\php-learning\project2_blog_oop\app\Views\home\index.php on line 2
[2025-04-10 17:16:35] Error: PDOException: SQLSTATE[HY000]: General error: 1 no such table: remember_tokens in D:\Apps\wamp\wamp\www\learn php\php-learning\project2_blog_oop\core\Database.php on line 40
[2025-04-10 17:17:30] Error: PDOException: SQLSTATE[HY000]: General error: 1 no such table: remember_tokens in D:\Apps\wamp\wamp\www\learn php\php-learning\project2_blog_oop\core\Database.php on line 40
[2025-04-14 13:36:32] Error: RuntimeException: Error: Template file not found : D:\Apps\wamp\wamp\www\learn php\php-learning\project2_blog_oop/app/Views/admin/post/edit.php in D:\Apps\wamp\wamp\www\learn php\php-learning\project2_blog_oop\core\View.php on line 31
